autoscan: warning: missing AC_CHECK_FUNCS([mkdir]) wanted by: 
	LLog/log.c:39
autoscan: warning: missing AC_CHECK_HEADERS([fcntl.h]) wanted by: 
	LLog/log.c:10
autoscan: warning: missing AC_TYPE_INT32_T wanted by: 
	main.c:24
	LLog/log.c:18
	LLog/log.c:20
	LLog/log.c:23
	LLog/log.h:10
	Timer/timer.c:15
	Timer/timer.c:17
	Timer/timer.c:21
	Timer/timer.c:52
autoscan: warning: missing AC_TYPE_SSIZE_T wanted by: 
	Timer/timer.c:40
autoscan: warning: missing AC_TYPE_UINT64_T wanted by: 
	Timer/timer.c:39
	Timer/timer.c:42
	Timer/timer.c:43
	Timer/timer.c:102
	Timer/timer.c:107
